<?xml version="1.0" encoding="UTF-8"?>
<!-- Generated by org.testng.reporters.JUnitReportReporter -->
<testsuite hostname="Muneeb-PC" name="testCases.VerifyHomePage" tests="1" failures="0" timestamp="30 Jul 2017 04:17:44 GMT" time="30.442" errors="0">
  <testcase name="testHomePage" time="30.442" classname="testCases.VerifyHomePage"/>
</testsuite> <!-- testCases.VerifyHomePage -->
